<?xml version="1.0" encoding="UTF-8"?>
<!-- Generated by org.testng.reporters.JUnitXMLReporter -->
<testsuite ignored="0" hostname="Thirosh" failures="0" tests="4" name="Student" time="0.059" errors="0" timestamp="2024-02-18T03:23:08 IST">
  <testcase classname="t_pack.TestOne" name="testOne" time="0.008"/>
  <testcase classname="t_pack.TestTwo" name="testTwo" time="0.002"/>
  <testcase classname="t_pack.TestThree" name="testThree" time="0.002"/>
  <testcase classname="o_pack.TestFour" name="testFour" time="0.001"/>
</testsuite> <!-- Student -->
