<?xml version="1.0" encoding="UTF-8"?>
<testng-results ignored="0" total="7" passed="7" failed="0" skipped="0">
  <reporter-output>
  </reporter-output>
  <suite started-at="2024-02-18T03:23:08 IST" name="LMS Application" finished-at="2024-02-18T03:23:08 IST" duration-ms="127">
    <groups>
    </groups>
    <test started-at="2024-02-18T03:23:08 IST" name="Student" finished-at="2024-02-18T03:23:08 IST" duration-ms="59">
      <class name="o_pack.TestFour">
        <test-method signature="testFour()[pri:0, instance:o_pack.TestFour@128d2484]" started-at="2024-02-18T03:23:08 IST" name="testFour" finished-at="2024-02-18T03:23:08 IST" duration-ms="1" status="PASS">
          <reporter-output>
          </reporter-output>
        </test-method> <!-- testFour -->
      </class> <!-- o_pack.TestFour -->
      <class name="t_pack.TestTwo">
        <test-method signature="testTwo()[pri:0, instance:t_pack.TestTwo@6f1de4c7]" started-at="2024-02-18T03:23:08 IST" name="testTwo" finished-at="2024-02-18T03:23:08 IST" duration-ms="2" status="PASS">
          <reporter-output>
          </reporter-output>
        </test-method> <!-- testTwo -->
      </class> <!-- t_pack.TestTwo -->
      <class name="t_pack.TestThree">
        <test-method signature="testThree()[pri:0, instance:t_pack.TestThree@459e9125]" started-at="2024-02-18T03:23:08 IST" name="testThree" finished-at="2024-02-18T03:23:08 IST" duration-ms="2" status="PASS">
          <reporter-output>
          </reporter-output>
        </test-method> <!-- testThree -->
      </class> <!-- t_pack.TestThree -->
      <class name="t_pack.TestOne">
        <test-method signature="testOne()[pri:3, instance:t_pack.TestOne@145f66e3]" started-at="2024-02-18T03:23:08 IST" name="testOne" finished-at="2024-02-18T03:23:08 IST" duration-ms="8" status="PASS">
          <reporter-output>
          </reporter-output>
        </test-method> <!-- testOne -->
      </class> <!-- t_pack.TestOne -->
    </test> <!-- Student -->
    <test started-at="2024-02-18T03:23:08 IST" name="Admin" finished-at="2024-02-18T03:23:08 IST" duration-ms="11">
      <class name="k_pack.TestSeven">
        <test-method signature="testSeven()[pri:0, instance:k_pack.TestSeven@3eb25e1a]" started-at="2024-02-18T03:23:08 IST" name="testSeven" finished-at="2024-02-18T03:23:08 IST" duration-ms="1" status="PASS">
          <reporter-output>
          </reporter-output>
        </test-method> <!-- testSeven -->
      </class> <!-- k_pack.TestSeven -->
      <class name="o_pack.TestFive">
        <test-method signature="testFive()[pri:0, instance:o_pack.TestFive@662ac478]" started-at="2024-02-18T03:23:08 IST" name="testFive" finished-at="2024-02-18T03:23:08 IST" duration-ms="1" status="PASS">
          <reporter-output>
          </reporter-output>
        </test-method> <!-- testFive -->
      </class> <!-- o_pack.TestFive -->
      <class name="o_pack.TestSix">
        <test-method signature="testSix()[pri:0, instance:o_pack.TestSix@6743e411]" started-at="2024-02-18T03:23:08 IST" name="testSix" finished-at="2024-02-18T03:23:08 IST" duration-ms="1" status="PASS">
          <reporter-output>
          </reporter-output>
        </test-method> <!-- testSix -->
      </class> <!-- o_pack.TestSix -->
    </test> <!-- Admin -->
  </suite> <!-- LMS Application -->
</testng-results>
